<?xml version="1.0" encoding="UTF-8"?>
<!-- Generated by org.testng.reporters.JUnitReportReporter -->
<testsuite hostname="LTIN267847" failures="0" tests="24" name="com.LoanEMI.StepRunner.TestRunner" time="74.570" errors="0" timestamp="2024-03-01T10:06:02 IST" skipped="0">
  <testcase classname="com.LoanEMI.StepRunner.TestRunner" name="runScenario" time="7.731"/>
  <system-out/>
  <testcase classname="com.LoanEMI.StepRunner.TestRunner" name="runScenario" time="0.971"/>
  <system-out/>
  <testcase classname="com.LoanEMI.StepRunner.TestRunner" name="runScenario" time="0.799"/>
  <system-out/>
  <testcase classname="com.LoanEMI.StepRunner.TestRunner" name="runScenario" time="3.869"/>
  <system-out/>
  <testcase classname="com.LoanEMI.StepRunner.TestRunner" name="runScenario" time="0.648"/>
  <system-out/>
  <testcase classname="com.LoanEMI.StepRunner.TestRunner" name="runScenario" time="0.678"/>
  <system-out/>
  <testcase classname="com.LoanEMI.StepRunner.TestRunner" name="runScenario" time="1.323"/>
  <system-out/>
  <testcase classname="com.LoanEMI.StepRunner.TestRunner" name="runScenario" time="1.877"/>
  <system-out/>
  <testcase classname="com.LoanEMI.StepRunner.TestRunner" name="runScenario" time="5.927"/>
  <system-out/>
  <testcase classname="com.LoanEMI.StepRunner.TestRunner" name="runScenario" time="17.462"/>
  <system-out/>
  <testcase classname="com.LoanEMI.StepRunner.TestRunner" name="runScenario" time="5.200"/>
  <system-out/>
  <testcase classname="com.LoanEMI.StepRunner.TestRunner" name="runScenario" time="0.698"/>
  <system-out/>
  <testcase classname="com.LoanEMI.StepRunner.TestRunner" name="runScenario" time="0.816"/>
  <system-out/>
  <testcase classname="com.LoanEMI.StepRunner.TestRunner" name="runScenario" time="2.459"/>
  <system-out/>
  <testcase classname="com.LoanEMI.StepRunner.TestRunner" name="runScenario" time="1.697"/>
  <system-out/>
  <testcase classname="com.LoanEMI.StepRunner.TestRunner" name="runScenario" time="0.655"/>
  <system-out/>
  <testcase classname="com.LoanEMI.StepRunner.TestRunner" name="runScenario" time="3.693"/>
  <system-out/>
  <testcase classname="com.LoanEMI.StepRunner.TestRunner" name="runScenario" time="2.728"/>
  <system-out/>
  <testcase classname="com.LoanEMI.StepRunner.TestRunner" name="runScenario" time="1.217"/>
  <system-out/>
  <testcase classname="com.LoanEMI.StepRunner.TestRunner" name="runScenario" time="5.333"/>
  <system-out/>
  <testcase classname="com.LoanEMI.StepRunner.TestRunner" name="runScenario" time="5.229"/>
  <system-out/>
  <testcase classname="com.LoanEMI.StepRunner.TestRunner" name="runScenario" time="1.580"/>
  <system-out/>
  <testcase classname="com.LoanEMI.StepRunner.TestRunner" name="runScenario" time="0.652"/>
  <system-out/>
  <testcase classname="com.LoanEMI.StepRunner.TestRunner" name="runScenario" time="1.328"/>
  <system-out/>
</testsuite> <!-- com.LoanEMI.StepRunner.TestRunner -->
