<?xml version="1.0" encoding="UTF-8"?>
<!-- Generated by org.testng.reporters.JUnitReportReporter -->
<testsuite hostname="LTIN267847" failures="0" tests="5" name="com.LoanEMI.StepRunner.TestRunner" time="135.529" errors="0" timestamp="2024-02-28T23:16:04 IST" skipped="0">
  <testcase classname="com.LoanEMI.StepRunner.TestRunner" name="runScenario" time="11.359"/>
  <system-out/>
  <testcase classname="com.LoanEMI.StepRunner.TestRunner" name="runScenario" time="42.986"/>
  <system-out/>
  <testcase classname="com.LoanEMI.StepRunner.TestRunner" name="runScenario" time="3.709"/>
  <system-out/>
  <testcase classname="com.LoanEMI.StepRunner.TestRunner" name="runScenario" time="32.345"/>
  <system-out/>
  <testcase classname="com.LoanEMI.StepRunner.TestRunner" name="runScenario" time="45.130"/>
  <system-out/>
</testsuite> <!-- com.LoanEMI.StepRunner.TestRunner -->
